ERROR 2025-08-01 12:44:18,934 log Invalid HTTP_HOST header: 'localhost:8000'. You may need to add 'localhost' to ALLOWED_HOSTS.
Traceback (most recent call last):
  File "/Users/petergangmei/Developer/Crossplatform/django/northeastindia_wiki/venv/lib/python3.13/site-packages/django/core/handlers/exception.py", line 55, in inner
    response = get_response(request)
  File "/Users/petergangmei/Developer/Crossplatform/django/northeastindia_wiki/venv/lib/python3.13/site-packages/django/utils/deprecation.py", line 119, in __call__
    response = self.process_request(request)
  File "/Users/petergangmei/Developer/Crossplatform/django/northeastindia_wiki/venv/lib/python3.13/site-packages/django/middleware/security.py", line 28, in process_request
    host = self.redirect_host or request.get_host()
                                 ~~~~~~~~~~~~~~~~^^
  File "/Users/petergangmei/Developer/Crossplatform/django/northeastindia_wiki/venv/lib/python3.13/site-packages/django/http/request.py", line 202, in get_host
    raise DisallowedHost(msg)
django.core.exceptions.DisallowedHost: Invalid HTTP_HOST header: 'localhost:8000'. You may need to add 'localhost' to ALLOWED_HOSTS.
ERROR 2025-08-01 12:44:19,073 log Invalid HTTP_HOST header: 'localhost:8000'. You may need to add 'localhost' to ALLOWED_HOSTS.
Traceback (most recent call last):
  File "/Users/petergangmei/Developer/Crossplatform/django/northeastindia_wiki/venv/lib/python3.13/site-packages/django/core/handlers/exception.py", line 55, in inner
    response = get_response(request)
  File "/Users/petergangmei/Developer/Crossplatform/django/northeastindia_wiki/venv/lib/python3.13/site-packages/django/utils/deprecation.py", line 119, in __call__
    response = self.process_request(request)
  File "/Users/petergangmei/Developer/Crossplatform/django/northeastindia_wiki/venv/lib/python3.13/site-packages/django/middleware/security.py", line 28, in process_request
    host = self.redirect_host or request.get_host()
                                 ~~~~~~~~~~~~~~~~^^
  File "/Users/petergangmei/Developer/Crossplatform/django/northeastindia_wiki/venv/lib/python3.13/site-packages/django/http/request.py", line 202, in get_host
    raise DisallowedHost(msg)
django.core.exceptions.DisallowedHost: Invalid HTTP_HOST header: 'localhost:8000'. You may need to add 'localhost' to ALLOWED_HOSTS.
ERROR 2025-08-01 12:44:37,451 log Invalid HTTP_HOST header: 'localhost:8000'. You may need to add 'localhost' to ALLOWED_HOSTS.
Traceback (most recent call last):
  File "/Users/petergangmei/Developer/Crossplatform/django/northeastindia_wiki/venv/lib/python3.13/site-packages/django/core/handlers/exception.py", line 55, in inner
    response = get_response(request)
  File "/Users/petergangmei/Developer/Crossplatform/django/northeastindia_wiki/venv/lib/python3.13/site-packages/django/utils/deprecation.py", line 119, in __call__
    response = self.process_request(request)
  File "/Users/petergangmei/Developer/Crossplatform/django/northeastindia_wiki/venv/lib/python3.13/site-packages/django/middleware/security.py", line 28, in process_request
    host = self.redirect_host or request.get_host()
                                 ~~~~~~~~~~~~~~~~^^
  File "/Users/petergangmei/Developer/Crossplatform/django/northeastindia_wiki/venv/lib/python3.13/site-packages/django/http/request.py", line 202, in get_host
    raise DisallowedHost(msg)
django.core.exceptions.DisallowedHost: Invalid HTTP_HOST header: 'localhost:8000'. You may need to add 'localhost' to ALLOWED_HOSTS.
ERROR 2025-08-01 12:44:37,478 log Invalid HTTP_HOST header: 'localhost:8000'. You may need to add 'localhost' to ALLOWED_HOSTS.
Traceback (most recent call last):
  File "/Users/petergangmei/Developer/Crossplatform/django/northeastindia_wiki/venv/lib/python3.13/site-packages/django/core/handlers/exception.py", line 55, in inner
    response = get_response(request)
  File "/Users/petergangmei/Developer/Crossplatform/django/northeastindia_wiki/venv/lib/python3.13/site-packages/django/utils/deprecation.py", line 119, in __call__
    response = self.process_request(request)
  File "/Users/petergangmei/Developer/Crossplatform/django/northeastindia_wiki/venv/lib/python3.13/site-packages/django/middleware/security.py", line 28, in process_request
    host = self.redirect_host or request.get_host()
                                 ~~~~~~~~~~~~~~~~^^
  File "/Users/petergangmei/Developer/Crossplatform/django/northeastindia_wiki/venv/lib/python3.13/site-packages/django/http/request.py", line 202, in get_host
    raise DisallowedHost(msg)
django.core.exceptions.DisallowedHost: Invalid HTTP_HOST header: 'localhost:8000'. You may need to add 'localhost' to ALLOWED_HOSTS.
ERROR 2025-08-01 13:15:17,240 log Internal Server Error: /wiki/create/
Traceback (most recent call last):
  File "/Users/petergangmei/Developer/Crossplatform/django/northeastindia_wiki/venv/lib/python3.13/site-packages/django/core/handlers/exception.py", line 55, in inner
    response = get_response(request)
  File "/Users/petergangmei/Developer/Crossplatform/django/northeastindia_wiki/venv/lib/python3.13/site-packages/django/core/handlers/base.py", line 197, in _get_response
    response = wrapped_callback(request, *callback_args, **callback_kwargs)
  File "/Users/petergangmei/Developer/Crossplatform/django/northeastindia_wiki/venv/lib/python3.13/site-packages/django/contrib/auth/decorators.py", line 59, in _view_wrapper
    return view_func(request, *args, **kwargs)
  File "/Users/petergangmei/Developer/Crossplatform/django/northeastindia_wiki/app/views.py", line 406, in article_create
    return render(request, 'articles/article_form.html', context)
  File "/Users/petergangmei/Developer/Crossplatform/django/northeastindia_wiki/venv/lib/python3.13/site-packages/django/shortcuts.py", line 25, in render
    content = loader.render_to_string(template_name, context, request, using=using)
  File "/Users/petergangmei/Developer/Crossplatform/django/northeastindia_wiki/venv/lib/python3.13/site-packages/django/template/loader.py", line 62, in render_to_string
    return template.render(context, request)
           ~~~~~~~~~~~~~~~^^^^^^^^^^^^^^^^^^
  File "/Users/petergangmei/Developer/Crossplatform/django/northeastindia_wiki/venv/lib/python3.13/site-packages/django/template/backends/django.py", line 107, in render
    return self.template.render(context)
           ~~~~~~~~~~~~~~~~~~~~^^^^^^^^^
  File "/Users/petergangmei/Developer/Crossplatform/django/northeastindia_wiki/venv/lib/python3.13/site-packages/django/template/base.py", line 171, in render
    return self._render(context)
           ~~~~~~~~~~~~^^^^^^^^^
  File "/Users/petergangmei/Developer/Crossplatform/django/northeastindia_wiki/venv/lib/python3.13/site-packages/django/template/base.py", line 163, in _render
    return self.nodelist.render(context)
           ~~~~~~~~~~~~~~~~~~~~^^^^^^^^^
  File "/Users/petergangmei/Developer/Crossplatform/django/northeastindia_wiki/venv/lib/python3.13/site-packages/django/template/base.py", line 1016, in render
    return SafeString("".join([node.render_annotated(context) for node in self]))
                               ~~~~~~~~~~~~~~~~~~~~~^^^^^^^^^
  File "/Users/petergangmei/Developer/Crossplatform/django/northeastindia_wiki/venv/lib/python3.13/site-packages/django/template/base.py", line 977, in render_annotated
    return self.render(context)
           ~~~~~~~~~~~^^^^^^^^^
  File "/Users/petergangmei/Developer/Crossplatform/django/northeastindia_wiki/venv/lib/python3.13/site-packages/django/template/loader_tags.py", line 159, in render
    return compiled_parent._render(context)
           ~~~~~~~~~~~~~~~~~~~~~~~^^^^^^^^^
  File "/Users/petergangmei/Developer/Crossplatform/django/northeastindia_wiki/venv/lib/python3.13/site-packages/django/template/base.py", line 163, in _render
    return self.nodelist.render(context)
           ~~~~~~~~~~~~~~~~~~~~^^^^^^^^^
  File "/Users/petergangmei/Developer/Crossplatform/django/northeastindia_wiki/venv/lib/python3.13/site-packages/django/template/base.py", line 1016, in render
    return SafeString("".join([node.render_annotated(context) for node in self]))
                               ~~~~~~~~~~~~~~~~~~~~~^^^^^^^^^
  File "/Users/petergangmei/Developer/Crossplatform/django/northeastindia_wiki/venv/lib/python3.13/site-packages/django/template/base.py", line 977, in render_annotated
    return self.render(context)
           ~~~~~~~~~~~^^^^^^^^^
  File "/Users/petergangmei/Developer/Crossplatform/django/northeastindia_wiki/venv/lib/python3.13/site-packages/django/template/loader_tags.py", line 65, in render
    result = block.nodelist.render(context)
  File "/Users/petergangmei/Developer/Crossplatform/django/northeastindia_wiki/venv/lib/python3.13/site-packages/django/template/base.py", line 1016, in render
    return SafeString("".join([node.render_annotated(context) for node in self]))
                               ~~~~~~~~~~~~~~~~~~~~~^^^^^^^^^
  File "/Users/petergangmei/Developer/Crossplatform/django/northeastindia_wiki/venv/lib/python3.13/site-packages/django/template/base.py", line 977, in render_annotated
    return self.render(context)
           ~~~~~~~~~~~^^^^^^^^^
  File "/Users/petergangmei/Developer/Crossplatform/django/northeastindia_wiki/venv/lib/python3.13/site-packages/django/template/base.py", line 1081, in render
    return render_value_in_context(output, context)
  File "/Users/petergangmei/Developer/Crossplatform/django/northeastindia_wiki/venv/lib/python3.13/site-packages/django/template/base.py", line 1058, in render_value_in_context
    value = str(value)
  File "/Users/petergangmei/Developer/Crossplatform/django/northeastindia_wiki/venv/lib/python3.13/site-packages/django/forms/utils.py", line 78, in __str__
    return self.as_widget() + self.as_hidden(only_initial=True)
           ~~~~~~~~~~~~~~^^
  File "/Users/petergangmei/Developer/Crossplatform/django/northeastindia_wiki/venv/lib/python3.13/site-packages/django/forms/boundfield.py", line 107, in as_widget
    value = self.value()
  File "/Users/petergangmei/Developer/Crossplatform/django/northeastindia_wiki/venv/lib/python3.13/site-packages/django/forms/boundfield.py", line 145, in value
    data = self.field.bound_data(self.data, data)
  File "/Users/petergangmei/Developer/Crossplatform/django/northeastindia_wiki/venv/lib/python3.13/site-packages/django/forms/fields.py", line 1404, in bound_data
    return json.loads(data, cls=self.decoder)
           ~~~~~~~~~~^^^^^^^^^^^^^^^^^^^^^^^^
  File "/opt/homebrew/Cellar/python@3.13/3.13.3_1/Frameworks/Python.framework/Versions/3.13/lib/python3.13/json/__init__.py", line 339, in loads
    raise TypeError(f'the JSON object must be str, bytes or bytearray, '
                    f'not {s.__class__.__name__}')
TypeError: the JSON object must be str, bytes or bytearray, not dict
ERROR 2025-08-01 13:15:29,943 log Internal Server Error: /wiki/create/
Traceback (most recent call last):
  File "/Users/petergangmei/Developer/Crossplatform/django/northeastindia_wiki/venv/lib/python3.13/site-packages/django/core/handlers/exception.py", line 55, in inner
    response = get_response(request)
  File "/Users/petergangmei/Developer/Crossplatform/django/northeastindia_wiki/venv/lib/python3.13/site-packages/django/core/handlers/base.py", line 197, in _get_response
    response = wrapped_callback(request, *callback_args, **callback_kwargs)
  File "/Users/petergangmei/Developer/Crossplatform/django/northeastindia_wiki/venv/lib/python3.13/site-packages/django/contrib/auth/decorators.py", line 59, in _view_wrapper
    return view_func(request, *args, **kwargs)
  File "/Users/petergangmei/Developer/Crossplatform/django/northeastindia_wiki/app/views.py", line 406, in article_create
    return render(request, 'articles/article_form.html', context)
  File "/Users/petergangmei/Developer/Crossplatform/django/northeastindia_wiki/venv/lib/python3.13/site-packages/django/shortcuts.py", line 25, in render
    content = loader.render_to_string(template_name, context, request, using=using)
  File "/Users/petergangmei/Developer/Crossplatform/django/northeastindia_wiki/venv/lib/python3.13/site-packages/django/template/loader.py", line 62, in render_to_string
    return template.render(context, request)
           ~~~~~~~~~~~~~~~^^^^^^^^^^^^^^^^^^
  File "/Users/petergangmei/Developer/Crossplatform/django/northeastindia_wiki/venv/lib/python3.13/site-packages/django/template/backends/django.py", line 107, in render
    return self.template.render(context)
           ~~~~~~~~~~~~~~~~~~~~^^^^^^^^^
  File "/Users/petergangmei/Developer/Crossplatform/django/northeastindia_wiki/venv/lib/python3.13/site-packages/django/template/base.py", line 171, in render
    return self._render(context)
           ~~~~~~~~~~~~^^^^^^^^^
  File "/Users/petergangmei/Developer/Crossplatform/django/northeastindia_wiki/venv/lib/python3.13/site-packages/django/template/base.py", line 163, in _render
    return self.nodelist.render(context)
           ~~~~~~~~~~~~~~~~~~~~^^^^^^^^^
  File "/Users/petergangmei/Developer/Crossplatform/django/northeastindia_wiki/venv/lib/python3.13/site-packages/django/template/base.py", line 1016, in render
    return SafeString("".join([node.render_annotated(context) for node in self]))
                               ~~~~~~~~~~~~~~~~~~~~~^^^^^^^^^
  File "/Users/petergangmei/Developer/Crossplatform/django/northeastindia_wiki/venv/lib/python3.13/site-packages/django/template/base.py", line 977, in render_annotated
    return self.render(context)
           ~~~~~~~~~~~^^^^^^^^^
  File "/Users/petergangmei/Developer/Crossplatform/django/northeastindia_wiki/venv/lib/python3.13/site-packages/django/template/loader_tags.py", line 159, in render
    return compiled_parent._render(context)
           ~~~~~~~~~~~~~~~~~~~~~~~^^^^^^^^^
  File "/Users/petergangmei/Developer/Crossplatform/django/northeastindia_wiki/venv/lib/python3.13/site-packages/django/template/base.py", line 163, in _render
    return self.nodelist.render(context)
           ~~~~~~~~~~~~~~~~~~~~^^^^^^^^^
  File "/Users/petergangmei/Developer/Crossplatform/django/northeastindia_wiki/venv/lib/python3.13/site-packages/django/template/base.py", line 1016, in render
    return SafeString("".join([node.render_annotated(context) for node in self]))
                               ~~~~~~~~~~~~~~~~~~~~~^^^^^^^^^
  File "/Users/petergangmei/Developer/Crossplatform/django/northeastindia_wiki/venv/lib/python3.13/site-packages/django/template/base.py", line 977, in render_annotated
    return self.render(context)
           ~~~~~~~~~~~^^^^^^^^^
  File "/Users/petergangmei/Developer/Crossplatform/django/northeastindia_wiki/venv/lib/python3.13/site-packages/django/template/loader_tags.py", line 65, in render
    result = block.nodelist.render(context)
  File "/Users/petergangmei/Developer/Crossplatform/django/northeastindia_wiki/venv/lib/python3.13/site-packages/django/template/base.py", line 1016, in render
    return SafeString("".join([node.render_annotated(context) for node in self]))
                               ~~~~~~~~~~~~~~~~~~~~~^^^^^^^^^
  File "/Users/petergangmei/Developer/Crossplatform/django/northeastindia_wiki/venv/lib/python3.13/site-packages/django/template/base.py", line 977, in render_annotated
    return self.render(context)
           ~~~~~~~~~~~^^^^^^^^^
  File "/Users/petergangmei/Developer/Crossplatform/django/northeastindia_wiki/venv/lib/python3.13/site-packages/django/template/base.py", line 1081, in render
    return render_value_in_context(output, context)
  File "/Users/petergangmei/Developer/Crossplatform/django/northeastindia_wiki/venv/lib/python3.13/site-packages/django/template/base.py", line 1058, in render_value_in_context
    value = str(value)
  File "/Users/petergangmei/Developer/Crossplatform/django/northeastindia_wiki/venv/lib/python3.13/site-packages/django/forms/utils.py", line 78, in __str__
    return self.as_widget() + self.as_hidden(only_initial=True)
           ~~~~~~~~~~~~~~^^
  File "/Users/petergangmei/Developer/Crossplatform/django/northeastindia_wiki/venv/lib/python3.13/site-packages/django/forms/boundfield.py", line 107, in as_widget
    value = self.value()
  File "/Users/petergangmei/Developer/Crossplatform/django/northeastindia_wiki/venv/lib/python3.13/site-packages/django/forms/boundfield.py", line 145, in value
    data = self.field.bound_data(self.data, data)
  File "/Users/petergangmei/Developer/Crossplatform/django/northeastindia_wiki/venv/lib/python3.13/site-packages/django/forms/fields.py", line 1404, in bound_data
    return json.loads(data, cls=self.decoder)
           ~~~~~~~~~~^^^^^^^^^^^^^^^^^^^^^^^^
  File "/opt/homebrew/Cellar/python@3.13/3.13.3_1/Frameworks/Python.framework/Versions/3.13/lib/python3.13/json/__init__.py", line 339, in loads
    raise TypeError(f'the JSON object must be str, bytes or bytearray, '
                    f'not {s.__class__.__name__}')
TypeError: the JSON object must be str, bytes or bytearray, not dict
ERROR 2025-08-01 13:19:34,943 log Internal Server Error: /wiki/create/
Traceback (most recent call last):
  File "/Users/petergangmei/Developer/Crossplatform/django/northeastindia_wiki/venv/lib/python3.13/site-packages/django/core/handlers/exception.py", line 55, in inner
    response = get_response(request)
  File "/Users/petergangmei/Developer/Crossplatform/django/northeastindia_wiki/venv/lib/python3.13/site-packages/django/core/handlers/base.py", line 197, in _get_response
    response = wrapped_callback(request, *callback_args, **callback_kwargs)
  File "/Users/petergangmei/Developer/Crossplatform/django/northeastindia_wiki/venv/lib/python3.13/site-packages/django/contrib/auth/decorators.py", line 59, in _view_wrapper
    return view_func(request, *args, **kwargs)
  File "/Users/petergangmei/Developer/Crossplatform/django/northeastindia_wiki/app/views.py", line 406, in article_create
    return render(request, 'articles/article_form.html', context)
  File "/Users/petergangmei/Developer/Crossplatform/django/northeastindia_wiki/venv/lib/python3.13/site-packages/django/shortcuts.py", line 25, in render
    content = loader.render_to_string(template_name, context, request, using=using)
  File "/Users/petergangmei/Developer/Crossplatform/django/northeastindia_wiki/venv/lib/python3.13/site-packages/django/template/loader.py", line 62, in render_to_string
    return template.render(context, request)
           ~~~~~~~~~~~~~~~^^^^^^^^^^^^^^^^^^
  File "/Users/petergangmei/Developer/Crossplatform/django/northeastindia_wiki/venv/lib/python3.13/site-packages/django/template/backends/django.py", line 107, in render
    return self.template.render(context)
           ~~~~~~~~~~~~~~~~~~~~^^^^^^^^^
  File "/Users/petergangmei/Developer/Crossplatform/django/northeastindia_wiki/venv/lib/python3.13/site-packages/django/template/base.py", line 171, in render
    return self._render(context)
           ~~~~~~~~~~~~^^^^^^^^^
  File "/Users/petergangmei/Developer/Crossplatform/django/northeastindia_wiki/venv/lib/python3.13/site-packages/django/template/base.py", line 163, in _render
    return self.nodelist.render(context)
           ~~~~~~~~~~~~~~~~~~~~^^^^^^^^^
  File "/Users/petergangmei/Developer/Crossplatform/django/northeastindia_wiki/venv/lib/python3.13/site-packages/django/template/base.py", line 1016, in render
    return SafeString("".join([node.render_annotated(context) for node in self]))
                               ~~~~~~~~~~~~~~~~~~~~~^^^^^^^^^
  File "/Users/petergangmei/Developer/Crossplatform/django/northeastindia_wiki/venv/lib/python3.13/site-packages/django/template/base.py", line 977, in render_annotated
    return self.render(context)
           ~~~~~~~~~~~^^^^^^^^^
  File "/Users/petergangmei/Developer/Crossplatform/django/northeastindia_wiki/venv/lib/python3.13/site-packages/django/template/loader_tags.py", line 159, in render
    return compiled_parent._render(context)
           ~~~~~~~~~~~~~~~~~~~~~~~^^^^^^^^^
  File "/Users/petergangmei/Developer/Crossplatform/django/northeastindia_wiki/venv/lib/python3.13/site-packages/django/template/base.py", line 163, in _render
    return self.nodelist.render(context)
           ~~~~~~~~~~~~~~~~~~~~^^^^^^^^^
  File "/Users/petergangmei/Developer/Crossplatform/django/northeastindia_wiki/venv/lib/python3.13/site-packages/django/template/base.py", line 1016, in render
    return SafeString("".join([node.render_annotated(context) for node in self]))
                               ~~~~~~~~~~~~~~~~~~~~~^^^^^^^^^
  File "/Users/petergangmei/Developer/Crossplatform/django/northeastindia_wiki/venv/lib/python3.13/site-packages/django/template/base.py", line 977, in render_annotated
    return self.render(context)
           ~~~~~~~~~~~^^^^^^^^^
  File "/Users/petergangmei/Developer/Crossplatform/django/northeastindia_wiki/venv/lib/python3.13/site-packages/django/template/loader_tags.py", line 65, in render
    result = block.nodelist.render(context)
  File "/Users/petergangmei/Developer/Crossplatform/django/northeastindia_wiki/venv/lib/python3.13/site-packages/django/template/base.py", line 1016, in render
    return SafeString("".join([node.render_annotated(context) for node in self]))
                               ~~~~~~~~~~~~~~~~~~~~~^^^^^^^^^
  File "/Users/petergangmei/Developer/Crossplatform/django/northeastindia_wiki/venv/lib/python3.13/site-packages/django/template/base.py", line 977, in render_annotated
    return self.render(context)
           ~~~~~~~~~~~^^^^^^^^^
  File "/Users/petergangmei/Developer/Crossplatform/django/northeastindia_wiki/venv/lib/python3.13/site-packages/django/template/base.py", line 1081, in render
    return render_value_in_context(output, context)
  File "/Users/petergangmei/Developer/Crossplatform/django/northeastindia_wiki/venv/lib/python3.13/site-packages/django/template/base.py", line 1058, in render_value_in_context
    value = str(value)
  File "/Users/petergangmei/Developer/Crossplatform/django/northeastindia_wiki/venv/lib/python3.13/site-packages/django/forms/utils.py", line 79, in __str__
    return self.as_widget()
           ~~~~~~~~~~~~~~^^
  File "/Users/petergangmei/Developer/Crossplatform/django/northeastindia_wiki/venv/lib/python3.13/site-packages/django/forms/boundfield.py", line 107, in as_widget
    value = self.value()
  File "/Users/petergangmei/Developer/Crossplatform/django/northeastindia_wiki/venv/lib/python3.13/site-packages/django/forms/boundfield.py", line 145, in value
    data = self.field.bound_data(self.data, data)
  File "/Users/petergangmei/Developer/Crossplatform/django/northeastindia_wiki/venv/lib/python3.13/site-packages/django/forms/fields.py", line 1404, in bound_data
    return json.loads(data, cls=self.decoder)
           ~~~~~~~~~~^^^^^^^^^^^^^^^^^^^^^^^^
  File "/opt/homebrew/Cellar/python@3.13/3.13.3_1/Frameworks/Python.framework/Versions/3.13/lib/python3.13/json/__init__.py", line 339, in loads
    raise TypeError(f'the JSON object must be str, bytes or bytearray, '
                    f'not {s.__class__.__name__}')
TypeError: the JSON object must be str, bytes or bytearray, not dict
ERROR 2025-08-01 13:19:40,959 log Internal Server Error: /wiki/create/
Traceback (most recent call last):
  File "/Users/petergangmei/Developer/Crossplatform/django/northeastindia_wiki/venv/lib/python3.13/site-packages/django/core/handlers/exception.py", line 55, in inner
    response = get_response(request)
  File "/Users/petergangmei/Developer/Crossplatform/django/northeastindia_wiki/venv/lib/python3.13/site-packages/django/core/handlers/base.py", line 197, in _get_response
    response = wrapped_callback(request, *callback_args, **callback_kwargs)
  File "/Users/petergangmei/Developer/Crossplatform/django/northeastindia_wiki/venv/lib/python3.13/site-packages/django/contrib/auth/decorators.py", line 59, in _view_wrapper
    return view_func(request, *args, **kwargs)
  File "/Users/petergangmei/Developer/Crossplatform/django/northeastindia_wiki/app/views.py", line 406, in article_create
    return render(request, 'articles/article_form.html', context)
  File "/Users/petergangmei/Developer/Crossplatform/django/northeastindia_wiki/venv/lib/python3.13/site-packages/django/shortcuts.py", line 25, in render
    content = loader.render_to_string(template_name, context, request, using=using)
  File "/Users/petergangmei/Developer/Crossplatform/django/northeastindia_wiki/venv/lib/python3.13/site-packages/django/template/loader.py", line 62, in render_to_string
    return template.render(context, request)
           ~~~~~~~~~~~~~~~^^^^^^^^^^^^^^^^^^
  File "/Users/petergangmei/Developer/Crossplatform/django/northeastindia_wiki/venv/lib/python3.13/site-packages/django/template/backends/django.py", line 107, in render
    return self.template.render(context)
           ~~~~~~~~~~~~~~~~~~~~^^^^^^^^^
  File "/Users/petergangmei/Developer/Crossplatform/django/northeastindia_wiki/venv/lib/python3.13/site-packages/django/template/base.py", line 171, in render
    return self._render(context)
           ~~~~~~~~~~~~^^^^^^^^^
  File "/Users/petergangmei/Developer/Crossplatform/django/northeastindia_wiki/venv/lib/python3.13/site-packages/django/template/base.py", line 163, in _render
    return self.nodelist.render(context)
           ~~~~~~~~~~~~~~~~~~~~^^^^^^^^^
  File "/Users/petergangmei/Developer/Crossplatform/django/northeastindia_wiki/venv/lib/python3.13/site-packages/django/template/base.py", line 1016, in render
    return SafeString("".join([node.render_annotated(context) for node in self]))
                               ~~~~~~~~~~~~~~~~~~~~~^^^^^^^^^
  File "/Users/petergangmei/Developer/Crossplatform/django/northeastindia_wiki/venv/lib/python3.13/site-packages/django/template/base.py", line 977, in render_annotated
    return self.render(context)
           ~~~~~~~~~~~^^^^^^^^^
  File "/Users/petergangmei/Developer/Crossplatform/django/northeastindia_wiki/venv/lib/python3.13/site-packages/django/template/loader_tags.py", line 159, in render
    return compiled_parent._render(context)
           ~~~~~~~~~~~~~~~~~~~~~~~^^^^^^^^^
  File "/Users/petergangmei/Developer/Crossplatform/django/northeastindia_wiki/venv/lib/python3.13/site-packages/django/template/base.py", line 163, in _render
    return self.nodelist.render(context)
           ~~~~~~~~~~~~~~~~~~~~^^^^^^^^^
  File "/Users/petergangmei/Developer/Crossplatform/django/northeastindia_wiki/venv/lib/python3.13/site-packages/django/template/base.py", line 1016, in render
    return SafeString("".join([node.render_annotated(context) for node in self]))
                               ~~~~~~~~~~~~~~~~~~~~~^^^^^^^^^
  File "/Users/petergangmei/Developer/Crossplatform/django/northeastindia_wiki/venv/lib/python3.13/site-packages/django/template/base.py", line 977, in render_annotated
    return self.render(context)
           ~~~~~~~~~~~^^^^^^^^^
  File "/Users/petergangmei/Developer/Crossplatform/django/northeastindia_wiki/venv/lib/python3.13/site-packages/django/template/loader_tags.py", line 65, in render
    result = block.nodelist.render(context)
  File "/Users/petergangmei/Developer/Crossplatform/django/northeastindia_wiki/venv/lib/python3.13/site-packages/django/template/base.py", line 1016, in render
    return SafeString("".join([node.render_annotated(context) for node in self]))
                               ~~~~~~~~~~~~~~~~~~~~~^^^^^^^^^
  File "/Users/petergangmei/Developer/Crossplatform/django/northeastindia_wiki/venv/lib/python3.13/site-packages/django/template/base.py", line 977, in render_annotated
    return self.render(context)
           ~~~~~~~~~~~^^^^^^^^^
  File "/Users/petergangmei/Developer/Crossplatform/django/northeastindia_wiki/venv/lib/python3.13/site-packages/django/template/base.py", line 1081, in render
    return render_value_in_context(output, context)
  File "/Users/petergangmei/Developer/Crossplatform/django/northeastindia_wiki/venv/lib/python3.13/site-packages/django/template/base.py", line 1058, in render_value_in_context
    value = str(value)
  File "/Users/petergangmei/Developer/Crossplatform/django/northeastindia_wiki/venv/lib/python3.13/site-packages/django/forms/utils.py", line 79, in __str__
    return self.as_widget()
           ~~~~~~~~~~~~~~^^
  File "/Users/petergangmei/Developer/Crossplatform/django/northeastindia_wiki/venv/lib/python3.13/site-packages/django/forms/boundfield.py", line 107, in as_widget
    value = self.value()
  File "/Users/petergangmei/Developer/Crossplatform/django/northeastindia_wiki/venv/lib/python3.13/site-packages/django/forms/boundfield.py", line 145, in value
    data = self.field.bound_data(self.data, data)
  File "/Users/petergangmei/Developer/Crossplatform/django/northeastindia_wiki/venv/lib/python3.13/site-packages/django/forms/fields.py", line 1404, in bound_data
    return json.loads(data, cls=self.decoder)
           ~~~~~~~~~~^^^^^^^^^^^^^^^^^^^^^^^^
  File "/opt/homebrew/Cellar/python@3.13/3.13.3_1/Frameworks/Python.framework/Versions/3.13/lib/python3.13/json/__init__.py", line 339, in loads
    raise TypeError(f'the JSON object must be str, bytes or bytearray, '
                    f'not {s.__class__.__name__}')
TypeError: the JSON object must be str, bytes or bytearray, not dict
ERROR 2025-08-01 13:19:52,145 log Internal Server Error: /wiki/create/
Traceback (most recent call last):
  File "/Users/petergangmei/Developer/Crossplatform/django/northeastindia_wiki/venv/lib/python3.13/site-packages/django/core/handlers/exception.py", line 55, in inner
    response = get_response(request)
  File "/Users/petergangmei/Developer/Crossplatform/django/northeastindia_wiki/venv/lib/python3.13/site-packages/django/core/handlers/base.py", line 197, in _get_response
    response = wrapped_callback(request, *callback_args, **callback_kwargs)
  File "/Users/petergangmei/Developer/Crossplatform/django/northeastindia_wiki/venv/lib/python3.13/site-packages/django/contrib/auth/decorators.py", line 59, in _view_wrapper
    return view_func(request, *args, **kwargs)
  File "/Users/petergangmei/Developer/Crossplatform/django/northeastindia_wiki/app/views.py", line 406, in article_create
    return render(request, 'articles/article_form.html', context)
  File "/Users/petergangmei/Developer/Crossplatform/django/northeastindia_wiki/venv/lib/python3.13/site-packages/django/shortcuts.py", line 25, in render
    content = loader.render_to_string(template_name, context, request, using=using)
  File "/Users/petergangmei/Developer/Crossplatform/django/northeastindia_wiki/venv/lib/python3.13/site-packages/django/template/loader.py", line 62, in render_to_string
    return template.render(context, request)
           ~~~~~~~~~~~~~~~^^^^^^^^^^^^^^^^^^
  File "/Users/petergangmei/Developer/Crossplatform/django/northeastindia_wiki/venv/lib/python3.13/site-packages/django/template/backends/django.py", line 107, in render
    return self.template.render(context)
           ~~~~~~~~~~~~~~~~~~~~^^^^^^^^^
  File "/Users/petergangmei/Developer/Crossplatform/django/northeastindia_wiki/venv/lib/python3.13/site-packages/django/template/base.py", line 171, in render
    return self._render(context)
           ~~~~~~~~~~~~^^^^^^^^^
  File "/Users/petergangmei/Developer/Crossplatform/django/northeastindia_wiki/venv/lib/python3.13/site-packages/django/template/base.py", line 163, in _render
    return self.nodelist.render(context)
           ~~~~~~~~~~~~~~~~~~~~^^^^^^^^^
  File "/Users/petergangmei/Developer/Crossplatform/django/northeastindia_wiki/venv/lib/python3.13/site-packages/django/template/base.py", line 1016, in render
    return SafeString("".join([node.render_annotated(context) for node in self]))
                               ~~~~~~~~~~~~~~~~~~~~~^^^^^^^^^
  File "/Users/petergangmei/Developer/Crossplatform/django/northeastindia_wiki/venv/lib/python3.13/site-packages/django/template/base.py", line 977, in render_annotated
    return self.render(context)
           ~~~~~~~~~~~^^^^^^^^^
  File "/Users/petergangmei/Developer/Crossplatform/django/northeastindia_wiki/venv/lib/python3.13/site-packages/django/template/loader_tags.py", line 159, in render
    return compiled_parent._render(context)
           ~~~~~~~~~~~~~~~~~~~~~~~^^^^^^^^^
  File "/Users/petergangmei/Developer/Crossplatform/django/northeastindia_wiki/venv/lib/python3.13/site-packages/django/template/base.py", line 163, in _render
    return self.nodelist.render(context)
           ~~~~~~~~~~~~~~~~~~~~^^^^^^^^^
  File "/Users/petergangmei/Developer/Crossplatform/django/northeastindia_wiki/venv/lib/python3.13/site-packages/django/template/base.py", line 1016, in render
    return SafeString("".join([node.render_annotated(context) for node in self]))
                               ~~~~~~~~~~~~~~~~~~~~~^^^^^^^^^
  File "/Users/petergangmei/Developer/Crossplatform/django/northeastindia_wiki/venv/lib/python3.13/site-packages/django/template/base.py", line 977, in render_annotated
    return self.render(context)
           ~~~~~~~~~~~^^^^^^^^^
  File "/Users/petergangmei/Developer/Crossplatform/django/northeastindia_wiki/venv/lib/python3.13/site-packages/django/template/loader_tags.py", line 65, in render
    result = block.nodelist.render(context)
  File "/Users/petergangmei/Developer/Crossplatform/django/northeastindia_wiki/venv/lib/python3.13/site-packages/django/template/base.py", line 1016, in render
    return SafeString("".join([node.render_annotated(context) for node in self]))
                               ~~~~~~~~~~~~~~~~~~~~~^^^^^^^^^
  File "/Users/petergangmei/Developer/Crossplatform/django/northeastindia_wiki/venv/lib/python3.13/site-packages/django/template/base.py", line 977, in render_annotated
    return self.render(context)
           ~~~~~~~~~~~^^^^^^^^^
  File "/Users/petergangmei/Developer/Crossplatform/django/northeastindia_wiki/venv/lib/python3.13/site-packages/django/template/base.py", line 1081, in render
    return render_value_in_context(output, context)
  File "/Users/petergangmei/Developer/Crossplatform/django/northeastindia_wiki/venv/lib/python3.13/site-packages/django/template/base.py", line 1058, in render_value_in_context
    value = str(value)
  File "/Users/petergangmei/Developer/Crossplatform/django/northeastindia_wiki/venv/lib/python3.13/site-packages/django/forms/utils.py", line 79, in __str__
    return self.as_widget()
           ~~~~~~~~~~~~~~^^
  File "/Users/petergangmei/Developer/Crossplatform/django/northeastindia_wiki/venv/lib/python3.13/site-packages/django/forms/boundfield.py", line 107, in as_widget
    value = self.value()
  File "/Users/petergangmei/Developer/Crossplatform/django/northeastindia_wiki/venv/lib/python3.13/site-packages/django/forms/boundfield.py", line 145, in value
    data = self.field.bound_data(self.data, data)
  File "/Users/petergangmei/Developer/Crossplatform/django/northeastindia_wiki/venv/lib/python3.13/site-packages/django/forms/fields.py", line 1404, in bound_data
    return json.loads(data, cls=self.decoder)
           ~~~~~~~~~~^^^^^^^^^^^^^^^^^^^^^^^^
  File "/opt/homebrew/Cellar/python@3.13/3.13.3_1/Frameworks/Python.framework/Versions/3.13/lib/python3.13/json/__init__.py", line 339, in loads
    raise TypeError(f'the JSON object must be str, bytes or bytearray, '
                    f'not {s.__class__.__name__}')
TypeError: the JSON object must be str, bytes or bytearray, not dict
ERROR 2025-08-01 13:20:46,628 log Internal Server Error: /wiki/create/
Traceback (most recent call last):
  File "/Users/petergangmei/Developer/Crossplatform/django/northeastindia_wiki/venv/lib/python3.13/site-packages/django/core/handlers/exception.py", line 55, in inner
    response = get_response(request)
  File "/Users/petergangmei/Developer/Crossplatform/django/northeastindia_wiki/venv/lib/python3.13/site-packages/django/core/handlers/base.py", line 197, in _get_response
    response = wrapped_callback(request, *callback_args, **callback_kwargs)
  File "/Users/petergangmei/Developer/Crossplatform/django/northeastindia_wiki/venv/lib/python3.13/site-packages/django/contrib/auth/decorators.py", line 59, in _view_wrapper
    return view_func(request, *args, **kwargs)
  File "/Users/petergangmei/Developer/Crossplatform/django/northeastindia_wiki/app/views.py", line 406, in article_create
    return render(request, 'articles/article_form.html', context)
  File "/Users/petergangmei/Developer/Crossplatform/django/northeastindia_wiki/venv/lib/python3.13/site-packages/django/shortcuts.py", line 25, in render
    content = loader.render_to_string(template_name, context, request, using=using)
  File "/Users/petergangmei/Developer/Crossplatform/django/northeastindia_wiki/venv/lib/python3.13/site-packages/django/template/loader.py", line 62, in render_to_string
    return template.render(context, request)
           ~~~~~~~~~~~~~~~^^^^^^^^^^^^^^^^^^
  File "/Users/petergangmei/Developer/Crossplatform/django/northeastindia_wiki/venv/lib/python3.13/site-packages/django/template/backends/django.py", line 107, in render
    return self.template.render(context)
           ~~~~~~~~~~~~~~~~~~~~^^^^^^^^^
  File "/Users/petergangmei/Developer/Crossplatform/django/northeastindia_wiki/venv/lib/python3.13/site-packages/django/template/base.py", line 171, in render
    return self._render(context)
           ~~~~~~~~~~~~^^^^^^^^^
  File "/Users/petergangmei/Developer/Crossplatform/django/northeastindia_wiki/venv/lib/python3.13/site-packages/django/template/base.py", line 163, in _render
    return self.nodelist.render(context)
           ~~~~~~~~~~~~~~~~~~~~^^^^^^^^^
  File "/Users/petergangmei/Developer/Crossplatform/django/northeastindia_wiki/venv/lib/python3.13/site-packages/django/template/base.py", line 1016, in render
    return SafeString("".join([node.render_annotated(context) for node in self]))
                               ~~~~~~~~~~~~~~~~~~~~~^^^^^^^^^
  File "/Users/petergangmei/Developer/Crossplatform/django/northeastindia_wiki/venv/lib/python3.13/site-packages/django/template/base.py", line 977, in render_annotated
    return self.render(context)
           ~~~~~~~~~~~^^^^^^^^^
  File "/Users/petergangmei/Developer/Crossplatform/django/northeastindia_wiki/venv/lib/python3.13/site-packages/django/template/loader_tags.py", line 159, in render
    return compiled_parent._render(context)
           ~~~~~~~~~~~~~~~~~~~~~~~^^^^^^^^^
  File "/Users/petergangmei/Developer/Crossplatform/django/northeastindia_wiki/venv/lib/python3.13/site-packages/django/template/base.py", line 163, in _render
    return self.nodelist.render(context)
           ~~~~~~~~~~~~~~~~~~~~^^^^^^^^^
  File "/Users/petergangmei/Developer/Crossplatform/django/northeastindia_wiki/venv/lib/python3.13/site-packages/django/template/base.py", line 1016, in render
    return SafeString("".join([node.render_annotated(context) for node in self]))
                               ~~~~~~~~~~~~~~~~~~~~~^^^^^^^^^
  File "/Users/petergangmei/Developer/Crossplatform/django/northeastindia_wiki/venv/lib/python3.13/site-packages/django/template/base.py", line 977, in render_annotated
    return self.render(context)
           ~~~~~~~~~~~^^^^^^^^^
  File "/Users/petergangmei/Developer/Crossplatform/django/northeastindia_wiki/venv/lib/python3.13/site-packages/django/template/loader_tags.py", line 65, in render
    result = block.nodelist.render(context)
  File "/Users/petergangmei/Developer/Crossplatform/django/northeastindia_wiki/venv/lib/python3.13/site-packages/django/template/base.py", line 1016, in render
    return SafeString("".join([node.render_annotated(context) for node in self]))
                               ~~~~~~~~~~~~~~~~~~~~~^^^^^^^^^
  File "/Users/petergangmei/Developer/Crossplatform/django/northeastindia_wiki/venv/lib/python3.13/site-packages/django/template/base.py", line 977, in render_annotated
    return self.render(context)
           ~~~~~~~~~~~^^^^^^^^^
  File "/Users/petergangmei/Developer/Crossplatform/django/northeastindia_wiki/venv/lib/python3.13/site-packages/django/template/base.py", line 1081, in render
    return render_value_in_context(output, context)
  File "/Users/petergangmei/Developer/Crossplatform/django/northeastindia_wiki/venv/lib/python3.13/site-packages/django/template/base.py", line 1058, in render_value_in_context
    value = str(value)
  File "/Users/petergangmei/Developer/Crossplatform/django/northeastindia_wiki/venv/lib/python3.13/site-packages/django/forms/utils.py", line 79, in __str__
    return self.as_widget()
           ~~~~~~~~~~~~~~^^
  File "/Users/petergangmei/Developer/Crossplatform/django/northeastindia_wiki/venv/lib/python3.13/site-packages/django/forms/boundfield.py", line 107, in as_widget
    value = self.value()
  File "/Users/petergangmei/Developer/Crossplatform/django/northeastindia_wiki/venv/lib/python3.13/site-packages/django/forms/boundfield.py", line 145, in value
    data = self.field.bound_data(self.data, data)
  File "/Users/petergangmei/Developer/Crossplatform/django/northeastindia_wiki/venv/lib/python3.13/site-packages/django/forms/fields.py", line 1404, in bound_data
    return json.loads(data, cls=self.decoder)
           ~~~~~~~~~~^^^^^^^^^^^^^^^^^^^^^^^^
  File "/opt/homebrew/Cellar/python@3.13/3.13.3_1/Frameworks/Python.framework/Versions/3.13/lib/python3.13/json/__init__.py", line 339, in loads
    raise TypeError(f'the JSON object must be str, bytes or bytearray, '
                    f'not {s.__class__.__name__}')
TypeError: the JSON object must be str, bytes or bytearray, not dict
